2023/12/20 16:42:30 [notice] 1#1: using the "epoll" event method
2023/12/20 16:42:30 [notice] 1#1: nginx/1.24.0
2023/12/20 16:42:30 [notice] 1#1: built by gcc 12.2.1 20220924 (Alpine 12.2.1_git20220924-r4) 
2023/12/20 16:42:30 [notice] 1#1: OS: Linux 5.15.133.1-microsoft-standard-WSL2
2023/12/20 16:42:30 [notice] 1#1: getrlimit(RLIMIT_NOFILE): 1048576:1048576
2023/12/20 16:42:30 [notice] 1#1: start worker processes
2023/12/20 16:42:30 [notice] 1#1: start worker process 29
2023/12/20 16:42:30 [notice] 1#1: start worker process 30
2023/12/20 16:42:30 [notice] 1#1: start worker process 31
2023/12/20 16:42:30 [notice] 1#1: start worker process 32
2023/12/20 16:53:44 [notice] 1#1: signal 3 (SIGQUIT) received, shutting down
2023/12/20 16:53:44 [notice] 29#29: gracefully shutting down
2023/12/20 16:53:44 [notice] 30#30: gracefully shutting down
2023/12/20 16:53:44 [notice] 31#31: gracefully shutting down
2023/12/20 16:53:44 [notice] 31#31: exiting
2023/12/20 16:53:44 [notice] 32#32: gracefully shutting down
2023/12/20 16:53:44 [notice] 32#32: exiting
2023/12/20 16:53:44 [notice] 29#29: exiting
2023/12/20 16:53:44 [notice] 29#29: exit
2023/12/20 16:53:44 [notice] 30#30: exiting
2023/12/20 16:53:44 [notice] 31#31: exit
2023/12/20 16:53:44 [notice] 32#32: exit
2023/12/20 16:53:44 [notice] 30#30: exit
2023/12/20 16:53:45 [notice] 1#1: signal 17 (SIGCHLD) received from 29
2023/12/20 16:53:45 [notice] 1#1: worker process 29 exited with code 0
2023/12/20 16:53:45 [notice] 1#1: worker process 30 exited with code 0
2023/12/20 16:53:45 [notice] 1#1: worker process 31 exited with code 0
2023/12/20 16:53:45 [notice] 1#1: signal 29 (SIGIO) received
2023/12/20 16:53:45 [notice] 1#1: signal 17 (SIGCHLD) received from 32
2023/12/20 16:53:45 [notice] 1#1: worker process 32 exited with code 0
2023/12/20 16:53:45 [notice] 1#1: exit
2023/12/20 17:31:08 [notice] 1#1: using the "epoll" event method
2023/12/20 17:31:08 [notice] 1#1: nginx/1.24.0
2023/12/20 17:31:08 [notice] 1#1: built by gcc 12.2.1 20220924 (Alpine 12.2.1_git20220924-r4) 
2023/12/20 17:31:08 [notice] 1#1: OS: Linux 5.15.133.1-microsoft-standard-WSL2
2023/12/20 17:31:08 [notice] 1#1: getrlimit(RLIMIT_NOFILE): 1048576:1048576
2023/12/20 17:31:08 [notice] 1#1: start worker processes
2023/12/20 17:31:08 [notice] 1#1: start worker process 29
2023/12/20 17:31:08 [notice] 1#1: start worker process 30
2023/12/20 17:31:08 [notice] 1#1: start worker process 31
2023/12/20 17:31:08 [notice] 1#1: start worker process 32
2023/12/20 17:44:48 [notice] 1#1: signal 3 (SIGQUIT) received, shutting down
2023/12/20 17:44:48 [notice] 30#30: gracefully shutting down
2023/12/20 17:44:48 [notice] 29#29: gracefully shutting down
2023/12/20 17:44:48 [notice] 31#31: gracefully shutting down
2023/12/20 17:44:48 [notice] 32#32: gracefully shutting down
2023/12/20 17:44:48 [notice] 30#30: exiting
2023/12/20 17:44:48 [notice] 29#29: exiting
2023/12/20 17:44:48 [notice] 31#31: exiting
2023/12/20 17:44:48 [notice] 32#32: exiting
2023/12/20 17:44:48 [notice] 30#30: exit
2023/12/20 17:44:48 [notice] 29#29: exit
2023/12/20 17:44:48 [notice] 31#31: exit
2023/12/20 17:44:48 [notice] 32#32: exit
2023/12/20 17:44:48 [notice] 1#1: signal 17 (SIGCHLD) received from 29
2023/12/20 17:44:48 [notice] 1#1: worker process 29 exited with code 0
2023/12/20 17:44:48 [notice] 1#1: signal 29 (SIGIO) received
2023/12/20 17:44:48 [notice] 1#1: signal 17 (SIGCHLD) received from 31
2023/12/20 17:44:48 [notice] 1#1: worker process 31 exited with code 0
2023/12/20 17:44:48 [notice] 1#1: worker process 32 exited with code 0
2023/12/20 17:44:48 [notice] 1#1: signal 29 (SIGIO) received
2023/12/20 17:44:48 [notice] 1#1: signal 17 (SIGCHLD) received from 32
2023/12/20 17:44:48 [notice] 1#1: signal 17 (SIGCHLD) received from 30
2023/12/20 17:44:48 [notice] 1#1: worker process 30 exited with code 0
2023/12/20 17:44:48 [notice] 1#1: exit
2023/12/20 17:45:13 [notice] 1#1: using the "epoll" event method
2023/12/20 17:45:13 [notice] 1#1: nginx/1.24.0
2023/12/20 17:45:13 [notice] 1#1: built by gcc 12.2.1 20220924 (Alpine 12.2.1_git20220924-r4) 
2023/12/20 17:45:13 [notice] 1#1: OS: Linux 5.15.133.1-microsoft-standard-WSL2
2023/12/20 17:45:13 [notice] 1#1: getrlimit(RLIMIT_NOFILE): 1048576:1048576
2023/12/20 17:45:13 [notice] 1#1: start worker processes
2023/12/20 17:45:13 [notice] 1#1: start worker process 29
2023/12/20 17:45:13 [notice] 1#1: start worker process 30
2023/12/20 17:45:13 [notice] 1#1: start worker process 31
2023/12/20 17:45:13 [notice] 1#1: start worker process 32
2023/12/20 17:46:09 [notice] 1#1: signal 3 (SIGQUIT) received, shutting down
2023/12/20 17:46:09 [notice] 29#29: gracefully shutting down
2023/12/20 17:46:09 [notice] 30#30: gracefully shutting down
2023/12/20 17:46:09 [notice] 30#30: exiting
2023/12/20 17:46:09 [notice] 31#31: gracefully shutting down
2023/12/20 17:46:09 [notice] 32#32: gracefully shutting down
2023/12/20 17:46:09 [notice] 29#29: exiting
2023/12/20 17:46:09 [notice] 30#30: exit
2023/12/20 17:46:09 [notice] 31#31: exiting
2023/12/20 17:46:09 [notice] 31#31: exit
2023/12/20 17:46:09 [notice] 32#32: exiting
2023/12/20 17:46:09 [notice] 29#29: exit
2023/12/20 17:46:09 [notice] 32#32: exit
2023/12/20 17:46:09 [notice] 1#1: signal 17 (SIGCHLD) received from 31
2023/12/20 17:46:09 [notice] 1#1: worker process 29 exited with code 0
2023/12/20 17:46:09 [notice] 1#1: worker process 30 exited with code 0
2023/12/20 17:46:09 [notice] 1#1: worker process 31 exited with code 0
2023/12/20 17:46:09 [notice] 1#1: worker process 32 exited with code 0
2023/12/20 17:46:09 [notice] 1#1: exit
2023/12/20 17:46:32 [notice] 1#1: using the "epoll" event method
2023/12/20 17:46:32 [notice] 1#1: nginx/1.24.0
2023/12/20 17:46:32 [notice] 1#1: built by gcc 12.2.1 20220924 (Alpine 12.2.1_git20220924-r4) 
2023/12/20 17:46:32 [notice] 1#1: OS: Linux 5.15.133.1-microsoft-standard-WSL2
2023/12/20 17:46:32 [notice] 1#1: getrlimit(RLIMIT_NOFILE): 1048576:1048576
2023/12/20 17:46:32 [notice] 1#1: start worker processes
2023/12/20 17:46:32 [notice] 1#1: start worker process 30
2023/12/20 17:46:32 [notice] 1#1: start worker process 31
2023/12/20 17:46:32 [notice] 1#1: start worker process 32
2023/12/20 17:46:32 [notice] 1#1: start worker process 33
2023/12/20 18:09:05 [notice] 1#1: signal 3 (SIGQUIT) received, shutting down
2023/12/20 18:09:05 [notice] 32#32: gracefully shutting down
2023/12/20 18:09:05 [notice] 32#32: exiting
2023/12/20 18:09:05 [notice] 31#31: gracefully shutting down
2023/12/20 18:09:05 [notice] 32#32: exit
2023/12/20 18:09:05 [notice] 30#30: gracefully shutting down
2023/12/20 18:09:05 [notice] 33#33: gracefully shutting down
2023/12/20 18:09:05 [notice] 33#33: exiting
2023/12/20 18:09:05 [notice] 31#31: exiting
2023/12/20 18:09:05 [notice] 31#31: exit
2023/12/20 18:09:05 [notice] 30#30: exiting
2023/12/20 18:09:05 [notice] 30#30: exit
2023/12/20 18:09:05 [notice] 33#33: exit
2023/12/20 18:09:05 [notice] 1#1: signal 17 (SIGCHLD) received from 32
2023/12/20 18:09:05 [notice] 1#1: worker process 31 exited with code 0
2023/12/20 18:09:05 [notice] 1#1: worker process 32 exited with code 0
2023/12/20 18:09:05 [notice] 1#1: signal 29 (SIGIO) received
2023/12/20 18:09:05 [notice] 1#1: signal 17 (SIGCHLD) received from 33
2023/12/20 18:09:05 [notice] 1#1: worker process 30 exited with code 0
2023/12/20 18:09:05 [notice] 1#1: worker process 33 exited with code 0
2023/12/20 18:09:05 [notice] 1#1: exit
2023/12/20 18:09:07 [notice] 1#1: using the "epoll" event method
2023/12/20 18:09:07 [notice] 1#1: nginx/1.24.0
2023/12/20 18:09:07 [notice] 1#1: built by gcc 12.2.1 20220924 (Alpine 12.2.1_git20220924-r4) 
2023/12/20 18:09:07 [notice] 1#1: OS: Linux 5.15.133.1-microsoft-standard-WSL2
2023/12/20 18:09:07 [notice] 1#1: getrlimit(RLIMIT_NOFILE): 1048576:1048576
